Copyright 1986-2022 Xilinx, Inc. All Rights Reserved. Copyright 2022-2024 Advanced Micro Devices, Inc. All Rights Reserved.
-------------------------------------------------------------------------------------------------------------------------------------------------------------------------------------------
| Tool Version     : Vivado v.2024.1 (win64) Build 5076996 Wed May 22 18:37:14 MDT 2024
| Date             : Sun Apr 20 20:46:30 2025
| Host             : Raott running 64-bit major release  (build 9200)
| Command          : report_power -file multi_cycle_cpu_display_power_routed.rpt -pb multi_cycle_cpu_display_power_summary_routed.pb -rpx multi_cycle_cpu_display_power_routed.rpx
| Design           : multi_cycle_cpu_display
| Device           : xc7a200tfbg676-2
| Design State     : routed
| Grade            : commercial
| Process          : typical
| Characterization : Production
-------------------------------------------------------------------------------------------------------------------------------------------------------------------------------------------

Power Report

Table of Contents
-----------------
1. Summary
1.1 On-Chip Components
1.2 Power Supply Summary
1.3 Confidence Level
2. Settings
2.1 Environment
2.2 Clock Constraints
3. Detailed Reports
3.1 By Hierarchy

1. Summary
----------

+--------------------------+----------------------------------+
| Total On-Chip Power (W)  | 56.126 (Junction temp exceeded!) |
| Design Power Budget (W)  | Unspecified*                     |
| Power Budget Margin (W)  | NA                               |
| Dynamic (W)              | 54.442                           |
| Device Static (W)        | 1.683                            |
| Effective TJA (C/W)      | 1.9                              |
| Max Ambient (C)          | 0.0                              |
| Junction Temperature (C) | 125.0                            |
| Confidence Level         | Low                              |
| Setting File             | ---                              |
| Simulation Activity File | ---                              |
| Design Nets Matched      | NA                               |
+--------------------------+----------------------------------+
* Specify Design Power Budget using, set_operating_conditions -design_power_budget <value in Watts>


1.1 On-Chip Components
----------------------

+--------------------------+-----------+----------+-----------+-----------------+
| On-Chip                  | Power (W) | Used     | Available | Utilization (%) |
+--------------------------+-----------+----------+-----------+-----------------+
| Slice Logic              |     4.035 |     2734 |       --- |             --- |
|   LUT as Logic           |     3.558 |     1446 |    133800 |            1.08 |
|   Register               |     0.183 |      805 |    267600 |            0.30 |
|   CARRY4                 |     0.136 |       34 |     33450 |            0.10 |
|   LUT as Distributed RAM |     0.081 |       66 |     46200 |            0.14 |
|   BUFG                   |     0.058 |        3 |        32 |            9.38 |
|   F7/F8 Muxes            |     0.019 |       40 |    133800 |            0.03 |
|   Others                 |     0.000 |       31 |       --- |             --- |
| Signals                  |     5.372 |     2261 |       --- |             --- |
| Block RAM                |     0.441 |      2.5 |       365 |            0.68 |
| I/O                      |    44.595 |       29 |       400 |            7.25 |
| Static Power             |     1.683 |          |           |                 |
| Total                    |    56.126 |          |           |                 |
+--------------------------+-----------+----------+-----------+-----------------+


1.2 Power Supply Summary
------------------------

+-----------+-------------+-----------+-------------+------------+-------------+-------------+------------+
| Source    | Voltage (V) | Total (A) | Dynamic (A) | Static (A) | Powerup (A) | Budget (A)  | Margin (A) |
+-----------+-------------+-----------+-------------+------------+-------------+-------------+------------+
| Vccint    |       1.000 |    11.030 |       9.818 |      1.211 |       NA    | Unspecified | NA         |
| Vccaux    |       1.800 |     1.840 |       1.634 |      0.206 |       NA    | Unspecified | NA         |
| Vcco33    |       3.300 |    12.625 |      12.620 |      0.005 |       NA    | Unspecified | NA         |
| Vcco25    |       2.500 |     0.000 |       0.000 |      0.000 |       NA    | Unspecified | NA         |
| Vcco18    |       1.800 |     0.000 |       0.000 |      0.000 |       NA    | Unspecified | NA         |
| Vcco15    |       1.500 |     0.000 |       0.000 |      0.000 |       NA    | Unspecified | NA         |
| Vcco135   |       1.350 |     0.000 |       0.000 |      0.000 |       NA    | Unspecified | NA         |
| Vcco12    |       1.200 |     0.000 |       0.000 |      0.000 |       NA    | Unspecified | NA         |
| Vccaux_io |       1.800 |     0.000 |       0.000 |      0.000 |       NA    | Unspecified | NA         |
| Vccbram   |       1.000 |     0.086 |       0.037 |      0.049 |       NA    | Unspecified | NA         |
| MGTAVcc   |       1.000 |     0.000 |       0.000 |      0.000 |       NA    | Unspecified | NA         |
| MGTAVtt   |       1.200 |     0.000 |       0.000 |      0.000 |       NA    | Unspecified | NA         |
| Vccadc    |       1.800 |     0.020 |       0.000 |      0.020 |       NA    | Unspecified | NA         |
+-----------+-------------+-----------+-------------+------------+-------------+-------------+------------+


1.3 Confidence Level
--------------------

+-----------------------------+------------+--------------------------------------------------------+--------------------------------------------------------------------------------------------------------------------+
| User Input Data             | Confidence | Details                                                | Action                                                                                                             |
+-----------------------------+------------+--------------------------------------------------------+--------------------------------------------------------------------------------------------------------------------+
| Design implementation state | High       | Design is routed                                       |                                                                                                                    |
| Clock nodes activity        | Low        | User specified less than 75% of clocks                 | Provide missing clock activity with a constraint file, simulation results or by editing the "By Clock Domain" view |
| I/O nodes activity          | Low        | More than 75% of inputs are missing user specification | Provide missing input activity with simulation results or by editing the "By Resource Type -> I/Os" view           |
| Internal nodes activity     | Medium     | User specified less than 25% of internal nodes         | Provide missing internal nodes activity with simulation results or by editing the "By Resource Type" views         |
| Device models               | High       | Device models are Production                           |                                                                                                                    |
|                             |            |                                                        |                                                                                                                    |
| Overall confidence level    | Low        |                                                        |                                                                                                                    |
+-----------------------------+------------+--------------------------------------------------------+--------------------------------------------------------------------------------------------------------------------+


2. Settings
-----------

2.1 Environment
---------------

+-----------------------+--------------------------+
| Ambient Temp (C)      | 25.0                     |
| ThetaJA (C/W)         | 1.9                      |
| Airflow (LFM)         | 250                      |
| Heat Sink             | medium (Medium Profile)  |
| ThetaSA (C/W)         | 3.4                      |
| Board Selection       | medium (10"x10")         |
| # of Board Layers     | 12to15 (12 to 15 Layers) |
| Board Temperature (C) | 25.0                     |
+-----------------------+--------------------------+


2.2 Clock Constraints
---------------------

+-------+--------+-----------------+
| Clock | Domain | Constraint (ns) |
+-------+--------+-----------------+


3. Detailed Reports
-------------------

3.1 By Hierarchy
----------------

+-------------------------------+-----------+
| Name                          | Power (W) |
+-------------------------------+-----------+
| multi_cycle_cpu_display       |    54.442 |
|   cpu                         |     6.998 |
|     EXE_module                |     0.049 |
|       alu_module              |     0.049 |
|     ID_module                 |     0.385 |
|     IF_module                 |     0.844 |
|     MEM_module                |     0.063 |
|     data_ram_module           |     0.239 |
|       U0                      |     0.239 |
|     inst_rom_module           |     0.368 |
|       U0                      |     0.368 |
|     rf_module                 |     1.311 |
|       rf_reg_r1_0_31_0_5      |     0.014 |
|       rf_reg_r1_0_31_12_17    |     0.007 |
|       rf_reg_r1_0_31_18_23    |     0.006 |
|       rf_reg_r1_0_31_24_29    |     0.006 |
|       rf_reg_r1_0_31_30_31    |     0.002 |
|       rf_reg_r1_0_31_30_31__0 |     0.002 |
|       rf_reg_r1_0_31_6_11     |     0.010 |
|       rf_reg_r2_0_31_0_5      |     0.011 |
|       rf_reg_r2_0_31_12_17    |     0.006 |
|       rf_reg_r2_0_31_18_23    |     0.006 |
|       rf_reg_r2_0_31_24_29    |     0.005 |
|       rf_reg_r2_0_31_30_31    |     0.002 |
|       rf_reg_r2_0_31_30_31__0 |     0.001 |
|       rf_reg_r2_0_31_6_11     |     0.007 |
|       rf_reg_r3_0_31_0_5      |     0.010 |
|       rf_reg_r3_0_31_12_17    |     0.007 |
|       rf_reg_r3_0_31_18_23    |     0.006 |
|       rf_reg_r3_0_31_24_29    |     0.006 |
|       rf_reg_r3_0_31_30_31    |     0.002 |
|       rf_reg_r3_0_31_30_31__0 |     0.002 |
|       rf_reg_r3_0_31_6_11     |     0.008 |
|   lcd_module                  |    47.287 |
|     lcd_draw_module           |     0.802 |
|     lcd_init_module           |     0.617 |
|     lcd_rom_module            |     0.393 |
|       U0                      |     0.393 |
|     touch_module              |     0.268 |
|       sda_io                  |     0.036 |
+-------------------------------+-----------+


